0 info it worked if it ends with ok
1 verbose cli [ '/home/server/software/node-v4.2.2-linux-x64/bin/node',
1 verbose cli   '/home/server/software/node-v4.2.2-linux-x64/bin/npm',
1 verbose cli   'run',
1 verbose cli   'watch-js' ]
2 info using npm@3.8.6
3 info using node@v4.2.2
4 verbose run-script [ 'prewatch-js', 'watch-js', 'postwatch-js' ]
5 info lifecycle umpui-react@1.0.0~prewatch-js: umpui-react@1.0.0
6 silly lifecycle umpui-react@1.0.0~prewatch-js: no script for prewatch-js, continuing
7 info lifecycle umpui-react@1.0.0~watch-js: umpui-react@1.0.0
8 verbose lifecycle umpui-react@1.0.0~watch-js: unsafe-perm in lifecycle true
9 verbose lifecycle umpui-react@1.0.0~watch-js: PATH: /home/server/software/node-v4.2.2-linux-x64/lib/node_modules/npm/bin/node-gyp-bin:/home/server/www/default/umpui-react/node_modules/.bin:/home/server/software/node-v4.2.2-linux-x64/bin:/home/server/software/node-v4.2.2-linux-x64/lib/node_modules/npm/bin/node-gyp-bin:/home/server/www/default/umpui-react/node_modules/.bin:/home/server/software/node-v4.2.2-linux-x64/bin:/home/server/software/node-v4.2.2-linux-x64/lib/node_modules/npm/bin/node-gyp-bin:/home/server/www/default/umpui-react/node_modules/.bin:/home/server/software/node-v4.2.2-linux-x64/bin:/usr/lib64/qt-3.3/bin:/usr/local/sbin:/usr/local/bin:/sbin:/bin:/usr/sbin:/usr/bin:/opt/bin:/home/opt/bin:/opt/bin:/home/opt/bin:/root/bin:/root/.jumbo/bin:/root/.jumbo/sbin:/home/work/www/luyongfang/output/php/bin:/home/luyongfang/software/:/usr/bin:/home/work/www/luyongfang/software:/home/work/www/luyongfang/software/Python-2.7.9:/home/server/software/node-v4.2.2-linux-x64/bin/:/home/server/www/default/software
10 verbose lifecycle umpui-react@1.0.0~watch-js: CWD: /home/server/www/default/umpui-react
11 silly lifecycle umpui-react@1.0.0~watch-js: Args: [ '-c', 'webpack  --watch' ]
12 silly lifecycle umpui-react@1.0.0~watch-js: Returned: code: 1  signal: null
13 info lifecycle umpui-react@1.0.0~watch-js: Failed to exec watch-js script
14 verbose stack Error: umpui-react@1.0.0 watch-js: `webpack  --watch`
14 verbose stack Exit status 1
14 verbose stack     at EventEmitter.<anonymous> (/home/server/software/node-v4.2.2-linux-x64/lib/node_modules/npm/lib/utils/lifecycle.js:239:16)
14 verbose stack     at emitTwo (events.js:87:13)
14 verbose stack     at EventEmitter.emit (events.js:172:7)
14 verbose stack     at ChildProcess.<anonymous> (/home/server/software/node-v4.2.2-linux-x64/lib/node_modules/npm/lib/utils/spawn.js:24:14)
14 verbose stack     at emitTwo (events.js:87:13)
14 verbose stack     at ChildProcess.emit (events.js:172:7)
14 verbose stack     at maybeClose (internal/child_process.js:818:16)
14 verbose stack     at Process.ChildProcess._handle.onexit (internal/child_process.js:211:5)
15 verbose pkgid umpui-react@1.0.0
16 verbose cwd /home/server/www/default/umpui-react
17 error Linux 2.6.32_1-16-0-0_virtio
18 error argv "/home/server/software/node-v4.2.2-linux-x64/bin/node" "/home/server/software/node-v4.2.2-linux-x64/bin/npm" "run" "watch-js"
19 error node v4.2.2
20 error npm  v3.8.6
21 error code ELIFECYCLE
22 error umpui-react@1.0.0 watch-js: `webpack  --watch`
22 error Exit status 1
23 error Failed at the umpui-react@1.0.0 watch-js script 'webpack  --watch'.
23 error Make sure you have the latest version of node.js and npm installed.
23 error If you do, this is most likely a problem with the umpui-react package,
23 error not with npm itself.
23 error Tell the author that this fails on your system:
23 error     webpack  --watch
23 error You can get information on how to open an issue for this project with:
23 error     npm bugs umpui-react
23 error Or if that isn't available, you can get their info via:
23 error     npm owner ls umpui-react
23 error There is likely additional logging output above.
24 verbose exit [ 1, true ]
